  ConsoleHaven.cpp
D:\documenten\Avans\Minor\Project\HavenSpel\ConsoleHaven\ConsoleHaven.cpp(7,10): warning C4067:  unexpected tokens following preprocessor directive - expected a newline
D:\documenten\Avans\Minor\Project\HavenSpel\ConsoleHaven\ConsoleHaven.cpp(8,10): warning C4067:  unexpected tokens following preprocessor directive - expected a newline
D:\documenten\Avans\Minor\Project\HavenSpel\ConsoleHaven\ConsoleHaven.cpp(9,10): warning C4067:  unexpected tokens following preprocessor directive - expected a newline
D:\documenten\Avans\Minor\Project\HavenSpel\ConsoleHaven\Haven.h(1,10): warning C4067:  unexpected tokens following preprocessor directive - expected a newline
D:\documenten\Avans\Minor\Project\HavenSpel\ConsoleHaven\schip.h(2,10): warning C4067:  unexpected tokens following preprocessor directive - expected a newline
D:\documenten\Avans\Minor\Project\HavenSpel\ConsoleHaven\Haven.h(2,10): warning C4067:  unexpected tokens following preprocessor directive - expected a newline
D:\documenten\Avans\Minor\Project\HavenSpel\ConsoleHaven\Haven.h(3,10): warning C4067:  unexpected tokens following preprocessor directive - expected a newline
D:\documenten\Avans\Minor\Project\HavenSpel\ConsoleHaven\Haven.h(4,10): warning C4067:  unexpected tokens following preprocessor directive - expected a newline
D:\documenten\Avans\Minor\Project\HavenSpel\ConsoleHaven\Haven.h(5,10): warning C4067:  unexpected tokens following preprocessor directive - expected a newline
D:\documenten\Avans\Minor\Project\HavenSpel\ConsoleHaven\Speler.h(1,10): warning C4067:  unexpected tokens following preprocessor directive - expected a newline
D:\documenten\Avans\Minor\Project\HavenSpel\ConsoleHaven\Zee.h(1,10): warning C4067:  unexpected tokens following preprocessor directive - expected a newline
  FileReader.cpp
D:\documenten\Avans\Minor\Project\HavenSpel\ConsoleHaven\Zee.h(2,10): warning C4067:  unexpected tokens following preprocessor directive - expected a newline
D:\documenten\Avans\Minor\Project\HavenSpel\ConsoleHaven\schip.h(2,10): warning C4067:  unexpected tokens following preprocessor directive - expected a newline
D:\documenten\Avans\Minor\Project\HavenSpel\ConsoleHaven\Haven.h(1,10): warning C4067:  unexpected tokens following preprocessor directive - expected a newline
D:\documenten\Avans\Minor\Project\HavenSpel\ConsoleHaven\Haven.h(2,10): warning C4067:  unexpected tokens following preprocessor directive - expected a newline
D:\documenten\Avans\Minor\Project\HavenSpel\ConsoleHaven\Haven.h(3,10): warning C4067:  unexpected tokens following preprocessor directive - expected a newline
D:\documenten\Avans\Minor\Project\HavenSpel\ConsoleHaven\Haven.h(4,10): warning C4067:  unexpected tokens following preprocessor directive - expected a newline
D:\documenten\Avans\Minor\Project\HavenSpel\ConsoleHaven\Haven.h(5,10): warning C4067:  unexpected tokens following preprocessor directive - expected a newline
D:\documenten\Avans\Minor\Project\HavenSpel\ConsoleHaven\Speler.h(1,10): warning C4067:  unexpected tokens following preprocessor directive - expected a newline
  Generating Code...
D:\documenten\Avans\Minor\Project\HavenSpel\ConsoleHaven\FileReader.cpp(47,7): warning C4101:  'k': unreferenced local variable
  ConsoleHaven.vcxproj -> D:\documenten\Avans\Minor\Project\HavenSpel\ConsoleHaven\Debug\ConsoleHaven.exe
